[2025-10-30 11:30:37] [INFO] 成功加载配置文件: product_generator_config.json
[2025-10-30 11:30:37] [INFO] 配置验证通过
[2025-10-30 12:02:29] [INFO] 成功加载配置文件: product_generator_config.json
[2025-10-30 12:02:29] [INFO] 配置验证通过
[2025-10-30 12:02:29] [INFO] 从环境变量加载火山大模型API密钥
[2025-10-30 12:02:29] [INFO] 从环境变量加载火山配置项: model_name
[2025-10-30 12:03:18] [INFO] 成功加载配置文件: product_generator_config.json
[2025-10-30 12:03:18] [INFO] 配置验证通过
[2025-10-30 12:03:18] [INFO] 从环境变量加载火山大模型API密钥
[2025-10-30 12:03:18] [INFO] 从环境变量加载火山配置项: model_name
[2025-10-30 12:04:53] [INFO] 成功加载配置文件: product_generator_config.json
[2025-10-30 12:04:53] [INFO] 配置验证通过
[2025-10-30 12:04:53] [INFO] 从环境变量加载火山大模型API密钥
[2025-10-30 12:04:53] [INFO] 从环境变量加载火山配置项: model_name
[2025-10-30 12:04:53] [INFO] 从环境变量加载火山大模型API密钥
[2025-10-30 12:04:53] [INFO] 从环境变量加载火山配置项: model_name
[2025-10-30 12:06:58] [INFO] 成功加载配置文件: product_generator_config.json
[2025-10-30 12:06:58] [INFO] 配置验证通过
[2025-10-30 12:06:58] [INFO] 从环境变量加载火山大模型API密钥
[2025-10-30 12:06:58] [INFO] 从环境变量加载火山配置项: model_name
[2025-10-30 12:06:58] [INFO] 从环境变量加载火山大模型API密钥
[2025-10-30 12:06:58] [INFO] 从环境变量加载火山配置项: model_name
[2025-10-30 12:08:09] [INFO] 成功加载配置文件: product_generator_config.json
[2025-10-30 12:08:09] [INFO] 配置验证通过
[2025-10-30 12:08:09] [INFO] 从环境变量加载火山大模型API密钥
[2025-10-30 12:08:09] [INFO] 从环境变量加载火山配置项: model_name
[2025-10-30 12:08:09] [INFO] 从环境变量加载火山大模型API密钥
[2025-10-30 12:08:09] [INFO] 从环境变量加载火山配置项: model_name
[2025-10-30 12:12:03] [INFO] 成功加载配置文件: product_generator_config.json
[2025-10-30 12:12:03] [INFO] 配置验证通过
[2025-10-30 12:12:03] [INFO] 从环境变量加载火山大模型API密钥
[2025-10-30 12:12:03] [INFO] 从环境变量加载火山配置项: model_name
[2025-10-30 12:12:03] [INFO] 从环境变量加载火山大模型API密钥
[2025-10-30 12:12:03] [INFO] 从环境变量加载火山配置项: model_name
[2025-10-30 12:20:43] [INFO] 成功加载配置文件: product_generator_config.json
[2025-10-30 12:20:43] [INFO] 配置验证通过
[2025-10-30 12:20:43] [INFO] 从环境变量加载火山大模型API密钥
[2025-10-30 12:20:43] [INFO] 从环境变量加载火山配置项: model_name
[2025-10-30 12:20:43] [INFO] 从环境变量加载火山大模型API密钥
[2025-10-30 12:20:43] [INFO] 从环境变量加载火山配置项: model_name
[2025-10-30 12:24:59] [INFO] 成功加载配置文件: product_generator_config.json
[2025-10-30 12:24:59] [INFO] 配置验证通过
[2025-10-30 12:24:59] [INFO] 从环境变量加载火山大模型API密钥
[2025-10-30 12:24:59] [INFO] 从环境变量加载火山大模型API密钥
[2025-10-30 12:29:19] [INFO] 成功加载配置文件: product_generator_config.json
[2025-10-30 12:29:19] [INFO] 配置验证通过
[2025-10-30 12:29:19] [INFO] 从环境变量加载火山大模型API密钥
[2025-10-30 12:29:19] [INFO] 从环境变量加载火山大模型API密钥
[2025-10-30 12:36:54] [INFO] 成功加载配置文件: product_generator_config.json
[2025-10-30 12:36:54] [WARNING] 火山大模型API配置缺少api_key
[2025-10-30 12:36:54] [INFO] 配置验证通过
[2025-10-30 12:36:54] [INFO] 从环境变量加载火山大模型API密钥
